{"/Users/idigital/Desktop/Factoria F5 Ejercicios/vet5-frontend/src/App.jsx": {"path":"/Users/idigital/Desktop/Factoria F5 Ejercicios/vet5-frontend/src/App.jsx","all":true,"statementMap":{"0":{"start":{"line":1,"column":0},"end":{"line":1,"column":40}},"1":{"start":{"line":2,"column":0},"end":{"line":2,"column":40}},"2":{"start":{"line":3,"column":0},"end":{"line":3,"column":0}},"3":{"start":{"line":4,"column":0},"end":{"line":4,"column":58}},"4":{"start":{"line":5,"column":0},"end":{"line":5,"column":0}},"5":{"start":{"line":6,"column":0},"end":{"line":6,"column":16}},"6":{"start":{"line":7,"column":0},"end":{"line":7,"column":52}},"7":{"start":{"line":8,"column":0},"end":{"line":8,"column":0}},"8":{"start":{"line":9,"column":0},"end":{"line":9,"column":10}},"9":{"start":{"line":10,"column":0},"end":{"line":10,"column":25}},"10":{"start":{"line":11,"column":0},"end":{"line":11,"column":69}},"11":{"start":{"line":12,"column":0},"end":{"line":12,"column":0}},"12":{"start":{"line":13,"column":0},"end":{"line":13,"column":79}},"13":{"start":{"line":14,"column":0},"end":{"line":14,"column":10}},"14":{"start":{"line":15,"column":0},"end":{"line":15,"column":4}},"15":{"start":{"line":16,"column":0},"end":{"line":16,"column":1}},"16":{"start":{"line":17,"column":0},"end":{"line":17,"column":0}},"17":{"start":{"line":18,"column":0},"end":{"line":18,"column":19}}},"s":{"0":0,"1":0,"2":0,"3":0,"4":0,"5":0,"6":0,"7":0,"8":0,"9":0,"10":0,"11":0,"12":0,"13":0,"14":0,"15":0,"16":0,"17":0},"branchMap":{"0":{"type":"branch","line":1,"loc":{"start":{"line":1,"column":0},"end":{"line":18,"column":19}},"locations":[{"start":{"line":1,"column":0},"end":{"line":18,"column":19}}]}},"b":{"0":[0]},"fnMap":{"0":{"name":"(empty-report)","decl":{"start":{"line":1,"column":0},"end":{"line":18,"column":19}},"loc":{"start":{"line":1,"column":0},"end":{"line":18,"column":19}},"line":1}},"f":{"0":0}}
,"/Users/idigital/Desktop/Factoria F5 Ejercicios/vet5-frontend/src/main.jsx": {"path":"/Users/idigital/Desktop/Factoria F5 Ejercicios/vet5-frontend/src/main.jsx","all":true,"statementMap":{"0":{"start":{"line":1,"column":0},"end":{"line":1,"column":34}},"1":{"start":{"line":2,"column":0},"end":{"line":2,"column":45}},"2":{"start":{"line":3,"column":0},"end":{"line":3,"column":20}},"3":{"start":{"line":4,"column":0},"end":{"line":4,"column":27}},"4":{"start":{"line":5,"column":0},"end":{"line":5,"column":0}},"5":{"start":{"line":6,"column":0},"end":{"line":6,"column":51}},"6":{"start":{"line":7,"column":0},"end":{"line":7,"column":14}},"7":{"start":{"line":8,"column":0},"end":{"line":8,"column":11}},"8":{"start":{"line":9,"column":0},"end":{"line":9,"column":16}},"9":{"start":{"line":10,"column":0},"end":{"line":10,"column":1}}},"s":{"0":0,"1":0,"2":0,"3":0,"4":0,"5":0,"6":0,"7":0,"8":0,"9":0},"branchMap":{"0":{"type":"branch","line":1,"loc":{"start":{"line":1,"column":0},"end":{"line":10,"column":1}},"locations":[{"start":{"line":1,"column":0},"end":{"line":10,"column":1}}]}},"b":{"0":[0]},"fnMap":{"0":{"name":"(empty-report)","decl":{"start":{"line":1,"column":0},"end":{"line":10,"column":1}},"loc":{"start":{"line":1,"column":0},"end":{"line":10,"column":1}},"line":1}},"f":{"0":0}}
,"/Users/idigital/Desktop/Factoria F5 Ejercicios/vet5-frontend/src/components/modal/Modal.jsx": {"path":"/Users/idigital/Desktop/Factoria F5 Ejercicios/vet5-frontend/src/components/modal/Modal.jsx","all":false,"statementMap":{"0":{"start":{"line":1,"column":0},"end":{"line":1,"column":48}},"1":{"start":{"line":2,"column":0},"end":{"line":2,"column":40}},"2":{"start":{"line":3,"column":0},"end":{"line":3,"column":25}},"13":{"start":{"line":14,"column":0},"end":{"line":14,"column":49}},"15":{"start":{"line":16,"column":0},"end":{"line":16,"column":50}},"16":{"start":{"line":17,"column":0},"end":{"line":17,"column":17}},"17":{"start":{"line":18,"column":0},"end":{"line":18,"column":16}},"18":{"start":{"line":19,"column":0},"end":{"line":19,"column":18}},"19":{"start":{"line":20,"column":0},"end":{"line":20,"column":18}},"20":{"start":{"line":21,"column":0},"end":{"line":21,"column":21}},"21":{"start":{"line":22,"column":0},"end":{"line":22,"column":28}},"22":{"start":{"line":23,"column":0},"end":{"line":23,"column":7}},"24":{"start":{"line":25,"column":0},"end":{"line":25,"column":50}},"25":{"start":{"line":26,"column":0},"end":{"line":26,"column":20}},"26":{"start":{"line":27,"column":0},"end":{"line":27,"column":19}},"27":{"start":{"line":28,"column":0},"end":{"line":28,"column":21}},"28":{"start":{"line":29,"column":0},"end":{"line":29,"column":21}},"29":{"start":{"line":30,"column":0},"end":{"line":30,"column":24}},"30":{"start":{"line":31,"column":0},"end":{"line":31,"column":31}},"31":{"start":{"line":32,"column":0},"end":{"line":32,"column":7}},"33":{"start":{"line":34,"column":0},"end":{"line":34,"column":38}},"34":{"start":{"line":35,"column":0},"end":{"line":35,"column":66}},"35":{"start":{"line":36,"column":0},"end":{"line":36,"column":7}},"37":{"start":{"line":38,"column":0},"end":{"line":38,"column":59}},"39":{"start":{"line":40,"column":0},"end":{"line":40,"column":61}},"42":{"start":{"line":43,"column":0},"end":{"line":43,"column":23}},"43":{"start":{"line":44,"column":0},"end":{"line":44,"column":27}},"44":{"start":{"line":45,"column":0},"end":{"line":45,"column":26}},"45":{"start":{"line":46,"column":0},"end":{"line":46,"column":28}},"46":{"start":{"line":47,"column":0},"end":{"line":47,"column":28}},"47":{"start":{"line":48,"column":0},"end":{"line":48,"column":31}},"48":{"start":{"line":49,"column":0},"end":{"line":49,"column":38}},"49":{"start":{"line":50,"column":0},"end":{"line":50,"column":6}},"52":{"start":{"line":53,"column":0},"end":{"line":53,"column":29}},"55":{"start":{"line":56,"column":0},"end":{"line":56,"column":24}},"56":{"start":{"line":57,"column":0},"end":{"line":57,"column":45}},"57":{"start":{"line":58,"column":0},"end":{"line":58,"column":64}},"58":{"start":{"line":59,"column":0},"end":{"line":59,"column":63}},"59":{"start":{"line":60,"column":0},"end":{"line":60,"column":54}},"60":{"start":{"line":61,"column":0},"end":{"line":61,"column":26}},"61":{"start":{"line":62,"column":0},"end":{"line":62,"column":92}},"62":{"start":{"line":63,"column":0},"end":{"line":63,"column":33}},"63":{"start":{"line":64,"column":0},"end":{"line":64,"column":123}},"64":{"start":{"line":65,"column":0},"end":{"line":65,"column":6}},"67":{"start":{"line":68,"column":0},"end":{"line":68,"column":38}},"68":{"start":{"line":69,"column":0},"end":{"line":69,"column":41}},"69":{"start":{"line":70,"column":0},"end":{"line":70,"column":62}},"70":{"start":{"line":71,"column":0},"end":{"line":71,"column":31}},"71":{"start":{"line":72,"column":0},"end":{"line":72,"column":85}},"72":{"start":{"line":73,"column":0},"end":{"line":73,"column":9}},"74":{"start":{"line":75,"column":0},"end":{"line":75,"column":64}},"75":{"start":{"line":76,"column":0},"end":{"line":76,"column":38}},"76":{"start":{"line":77,"column":0},"end":{"line":77,"column":24}},"77":{"start":{"line":78,"column":0},"end":{"line":78,"column":89}},"78":{"start":{"line":79,"column":0},"end":{"line":79,"column":16}},"79":{"start":{"line":80,"column":0},"end":{"line":80,"column":9}},"80":{"start":{"line":81,"column":0},"end":{"line":81,"column":6}},"83":{"start":{"line":84,"column":0},"end":{"line":84,"column":34}},"84":{"start":{"line":85,"column":0},"end":{"line":85,"column":32}},"85":{"start":{"line":86,"column":0},"end":{"line":86,"column":31}},"86":{"start":{"line":87,"column":0},"end":{"line":87,"column":27}},"87":{"start":{"line":88,"column":0},"end":{"line":88,"column":23}},"88":{"start":{"line":89,"column":0},"end":{"line":89,"column":22}},"89":{"start":{"line":90,"column":0},"end":{"line":90,"column":24}},"90":{"start":{"line":91,"column":0},"end":{"line":91,"column":24}},"91":{"start":{"line":92,"column":0},"end":{"line":92,"column":27}},"92":{"start":{"line":93,"column":0},"end":{"line":93,"column":34}},"93":{"start":{"line":94,"column":0},"end":{"line":94,"column":14}},"94":{"start":{"line":95,"column":0},"end":{"line":95,"column":53}},"95":{"start":{"line":96,"column":0},"end":{"line":96,"column":55}},"96":{"start":{"line":97,"column":0},"end":{"line":97,"column":44}},"97":{"start":{"line":98,"column":0},"end":{"line":98,"column":50}},"98":{"start":{"line":99,"column":0},"end":{"line":99,"column":13}},"99":{"start":{"line":100,"column":0},"end":{"line":100,"column":9}},"100":{"start":{"line":101,"column":0},"end":{"line":101,"column":6}},"103":{"start":{"line":104,"column":0},"end":{"line":104,"column":54}},"104":{"start":{"line":105,"column":0},"end":{"line":105,"column":27}},"105":{"start":{"line":106,"column":0},"end":{"line":106,"column":38}},"106":{"start":{"line":107,"column":0},"end":{"line":107,"column":67}},"107":{"start":{"line":108,"column":0},"end":{"line":108,"column":27}},"108":{"start":{"line":109,"column":0},"end":{"line":109,"column":11}},"109":{"start":{"line":110,"column":0},"end":{"line":110,"column":6}},"112":{"start":{"line":113,"column":0},"end":{"line":113,"column":26}},"113":{"start":{"line":114,"column":0},"end":{"line":114,"column":96}},"114":{"start":{"line":115,"column":0},"end":{"line":115,"column":6}},"117":{"start":{"line":118,"column":0},"end":{"line":118,"column":38}},"118":{"start":{"line":119,"column":0},"end":{"line":119,"column":28}},"119":{"start":{"line":120,"column":0},"end":{"line":120,"column":30}},"120":{"start":{"line":121,"column":0},"end":{"line":121,"column":54}},"121":{"start":{"line":122,"column":0},"end":{"line":122,"column":64}},"122":{"start":{"line":123,"column":0},"end":{"line":123,"column":15}},"123":{"start":{"line":124,"column":0},"end":{"line":124,"column":34}},"124":{"start":{"line":125,"column":0},"end":{"line":125,"column":67}},"125":{"start":{"line":126,"column":0},"end":{"line":126,"column":48}},"126":{"start":{"line":127,"column":0},"end":{"line":127,"column":16}},"127":{"start":{"line":128,"column":0},"end":{"line":128,"column":37}},"128":{"start":{"line":129,"column":0},"end":{"line":129,"column":9}},"129":{"start":{"line":130,"column":0},"end":{"line":130,"column":6}},"132":{"start":{"line":133,"column":0},"end":{"line":133,"column":34}},"133":{"start":{"line":134,"column":0},"end":{"line":134,"column":31}},"134":{"start":{"line":135,"column":0},"end":{"line":135,"column":6}},"137":{"start":{"line":138,"column":0},"end":{"line":138,"column":35}},"138":{"start":{"line":139,"column":0},"end":{"line":139,"column":27}},"139":{"start":{"line":140,"column":0},"end":{"line":140,"column":79}},"140":{"start":{"line":141,"column":0},"end":{"line":141,"column":26}},"141":{"start":{"line":142,"column":0},"end":{"line":142,"column":76}},"142":{"start":{"line":143,"column":0},"end":{"line":143,"column":30}},"143":{"start":{"line":144,"column":0},"end":{"line":144,"column":38}},"144":{"start":{"line":145,"column":0},"end":{"line":145,"column":31}},"145":{"start":{"line":146,"column":0},"end":{"line":146,"column":29}},"146":{"start":{"line":147,"column":0},"end":{"line":147,"column":28}},"147":{"start":{"line":148,"column":0},"end":{"line":148,"column":30}},"148":{"start":{"line":149,"column":0},"end":{"line":149,"column":30}},"149":{"start":{"line":150,"column":0},"end":{"line":150,"column":33}},"150":{"start":{"line":151,"column":0},"end":{"line":151,"column":40}},"151":{"start":{"line":152,"column":0},"end":{"line":152,"column":19}},"152":{"start":{"line":153,"column":0},"end":{"line":153,"column":85}},"153":{"start":{"line":154,"column":0},"end":{"line":154,"column":41}},"154":{"start":{"line":155,"column":0},"end":{"line":155,"column":26}},"155":{"start":{"line":156,"column":0},"end":{"line":156,"column":21}},"156":{"start":{"line":157,"column":0},"end":{"line":157,"column":16}},"157":{"start":{"line":158,"column":0},"end":{"line":158,"column":95}},"158":{"start":{"line":159,"column":0},"end":{"line":159,"column":58}},"159":{"start":{"line":160,"column":0},"end":{"line":160,"column":9}},"160":{"start":{"line":161,"column":0},"end":{"line":161,"column":6}},"162":{"start":{"line":163,"column":0},"end":{"line":163,"column":12}},"163":{"start":{"line":164,"column":0},"end":{"line":164,"column":38}},"164":{"start":{"line":165,"column":0},"end":{"line":165,"column":52}},"165":{"start":{"line":166,"column":0},"end":{"line":166,"column":79}},"167":{"start":{"line":168,"column":0},"end":{"line":168,"column":27}},"168":{"start":{"line":169,"column":0},"end":{"line":169,"column":58}},"169":{"start":{"line":170,"column":0},"end":{"line":170,"column":41}},"170":{"start":{"line":171,"column":0},"end":{"line":171,"column":37}},"171":{"start":{"line":172,"column":0},"end":{"line":172,"column":54}},"172":{"start":{"line":173,"column":0},"end":{"line":173,"column":21}},"174":{"start":{"line":175,"column":0},"end":{"line":175,"column":29}},"175":{"start":{"line":176,"column":0},"end":{"line":176,"column":37}},"176":{"start":{"line":177,"column":0},"end":{"line":177,"column":67}},"178":{"start":{"line":179,"column":0},"end":{"line":179,"column":59}},"179":{"start":{"line":180,"column":0},"end":{"line":180,"column":31}},"180":{"start":{"line":181,"column":0},"end":{"line":181,"column":41}},"181":{"start":{"line":182,"column":0},"end":{"line":182,"column":139}},"182":{"start":{"line":183,"column":0},"end":{"line":183,"column":71}},"183":{"start":{"line":184,"column":0},"end":{"line":184,"column":53}},"184":{"start":{"line":185,"column":0},"end":{"line":185,"column":25}},"186":{"start":{"line":187,"column":0},"end":{"line":187,"column":33}},"187":{"start":{"line":188,"column":0},"end":{"line":188,"column":31}},"188":{"start":{"line":189,"column":0},"end":{"line":189,"column":41}},"189":{"start":{"line":190,"column":0},"end":{"line":190,"column":134}},"190":{"start":{"line":191,"column":0},"end":{"line":191,"column":66}},"191":{"start":{"line":192,"column":0},"end":{"line":192,"column":54}},"192":{"start":{"line":193,"column":0},"end":{"line":193,"column":25}},"194":{"start":{"line":195,"column":0},"end":{"line":195,"column":33}},"195":{"start":{"line":196,"column":0},"end":{"line":196,"column":26}},"197":{"start":{"line":198,"column":0},"end":{"line":198,"column":24}},"198":{"start":{"line":199,"column":0},"end":{"line":199,"column":64}},"199":{"start":{"line":200,"column":0},"end":{"line":200,"column":32}},"200":{"start":{"line":201,"column":0},"end":{"line":201,"column":77}},"201":{"start":{"line":202,"column":0},"end":{"line":202,"column":79}},"202":{"start":{"line":203,"column":0},"end":{"line":203,"column":26}},"205":{"start":{"line":206,"column":0},"end":{"line":206,"column":67}},"206":{"start":{"line":207,"column":0},"end":{"line":207,"column":102}},"207":{"start":{"line":208,"column":0},"end":{"line":208,"column":48}},"208":{"start":{"line":209,"column":0},"end":{"line":209,"column":34}},"211":{"start":{"line":212,"column":0},"end":{"line":212,"column":29}},"212":{"start":{"line":213,"column":0},"end":{"line":213,"column":92}},"213":{"start":{"line":214,"column":0},"end":{"line":214,"column":46}},"215":{"start":{"line":216,"column":0},"end":{"line":216,"column":75}},"217":{"start":{"line":218,"column":0},"end":{"line":218,"column":30}},"218":{"start":{"line":219,"column":0},"end":{"line":219,"column":67}},"219":{"start":{"line":220,"column":0},"end":{"line":220,"column":69}},"220":{"start":{"line":221,"column":0},"end":{"line":221,"column":67}},"221":{"start":{"line":222,"column":0},"end":{"line":222,"column":70}},"222":{"start":{"line":223,"column":0},"end":{"line":223,"column":75}},"223":{"start":{"line":224,"column":0},"end":{"line":224,"column":92}},"224":{"start":{"line":225,"column":0},"end":{"line":225,"column":57}},"225":{"start":{"line":226,"column":0},"end":{"line":226,"column":82}},"226":{"start":{"line":227,"column":0},"end":{"line":227,"column":74}},"227":{"start":{"line":228,"column":0},"end":{"line":228,"column":42}},"228":{"start":{"line":229,"column":0},"end":{"line":229,"column":50}},"229":{"start":{"line":230,"column":0},"end":{"line":230,"column":46}},"230":{"start":{"line":231,"column":0},"end":{"line":231,"column":95}},"231":{"start":{"line":232,"column":0},"end":{"line":232,"column":60}},"232":{"start":{"line":233,"column":0},"end":{"line":233,"column":67}},"233":{"start":{"line":234,"column":0},"end":{"line":234,"column":55}},"234":{"start":{"line":235,"column":0},"end":{"line":235,"column":56}},"236":{"start":{"line":237,"column":0},"end":{"line":237,"column":52}},"237":{"start":{"line":238,"column":0},"end":{"line":238,"column":65}},"238":{"start":{"line":239,"column":0},"end":{"line":239,"column":68}},"239":{"start":{"line":240,"column":0},"end":{"line":240,"column":65}},"240":{"start":{"line":241,"column":0},"end":{"line":241,"column":62}},"241":{"start":{"line":242,"column":0},"end":{"line":242,"column":90}},"242":{"start":{"line":243,"column":0},"end":{"line":243,"column":70}},"243":{"start":{"line":244,"column":0},"end":{"line":244,"column":38}},"245":{"start":{"line":246,"column":0},"end":{"line":246,"column":59}},"246":{"start":{"line":247,"column":0},"end":{"line":247,"column":107}},"247":{"start":{"line":248,"column":0},"end":{"line":248,"column":60}},"248":{"start":{"line":249,"column":0},"end":{"line":249,"column":76}},"249":{"start":{"line":250,"column":0},"end":{"line":250,"column":67}},"250":{"start":{"line":251,"column":0},"end":{"line":251,"column":78}},"251":{"start":{"line":252,"column":0},"end":{"line":252,"column":67}},"252":{"start":{"line":253,"column":0},"end":{"line":253,"column":80}},"253":{"start":{"line":254,"column":0},"end":{"line":254,"column":70}},"254":{"start":{"line":255,"column":0},"end":{"line":255,"column":71}},"255":{"start":{"line":256,"column":0},"end":{"line":256,"column":66}},"256":{"start":{"line":257,"column":0},"end":{"line":257,"column":68}},"257":{"start":{"line":258,"column":0},"end":{"line":258,"column":101}},"258":{"start":{"line":259,"column":0},"end":{"line":259,"column":47}},"261":{"start":{"line":262,"column":0},"end":{"line":262,"column":62}},"262":{"start":{"line":263,"column":0},"end":{"line":263,"column":90}},"264":{"start":{"line":265,"column":0},"end":{"line":265,"column":47}},"266":{"start":{"line":267,"column":0},"end":{"line":267,"column":69}},"267":{"start":{"line":268,"column":0},"end":{"line":268,"column":90}},"269":{"start":{"line":270,"column":0},"end":{"line":270,"column":47}},"271":{"start":{"line":272,"column":0},"end":{"line":272,"column":38}},"272":{"start":{"line":273,"column":0},"end":{"line":273,"column":31}},"273":{"start":{"line":274,"column":0},"end":{"line":274,"column":75}},"275":{"start":{"line":276,"column":0},"end":{"line":276,"column":35}},"276":{"start":{"line":277,"column":0},"end":{"line":277,"column":45}},"277":{"start":{"line":278,"column":0},"end":{"line":278,"column":54}},"278":{"start":{"line":279,"column":0},"end":{"line":279,"column":56}},"279":{"start":{"line":280,"column":0},"end":{"line":280,"column":59}},"280":{"start":{"line":281,"column":0},"end":{"line":281,"column":29}},"282":{"start":{"line":283,"column":0},"end":{"line":283,"column":37}},"283":{"start":{"line":284,"column":0},"end":{"line":284,"column":31}},"285":{"start":{"line":286,"column":0},"end":{"line":286,"column":29}},"286":{"start":{"line":287,"column":0},"end":{"line":287,"column":87}},"287":{"start":{"line":288,"column":0},"end":{"line":288,"column":46}},"289":{"start":{"line":290,"column":0},"end":{"line":290,"column":75}},"291":{"start":{"line":292,"column":0},"end":{"line":292,"column":55}},"292":{"start":{"line":293,"column":0},"end":{"line":293,"column":81}},"294":{"start":{"line":295,"column":0},"end":{"line":295,"column":74}},"295":{"start":{"line":296,"column":0},"end":{"line":296,"column":91}},"296":{"start":{"line":297,"column":0},"end":{"line":297,"column":46}},"297":{"start":{"line":298,"column":0},"end":{"line":298,"column":68}},"298":{"start":{"line":299,"column":0},"end":{"line":299,"column":55}},"299":{"start":{"line":300,"column":0},"end":{"line":300,"column":60}},"300":{"start":{"line":301,"column":0},"end":{"line":301,"column":108}},"301":{"start":{"line":302,"column":0},"end":{"line":302,"column":83}},"302":{"start":{"line":303,"column":0},"end":{"line":303,"column":42}},"303":{"start":{"line":304,"column":0},"end":{"line":304,"column":42}},"305":{"start":{"line":306,"column":0},"end":{"line":306,"column":74}},"306":{"start":{"line":307,"column":0},"end":{"line":307,"column":103}},"307":{"start":{"line":308,"column":0},"end":{"line":308,"column":47}},"308":{"start":{"line":309,"column":0},"end":{"line":309,"column":71}},"309":{"start":{"line":310,"column":0},"end":{"line":310,"column":63}},"310":{"start":{"line":311,"column":0},"end":{"line":311,"column":111}},"311":{"start":{"line":312,"column":0},"end":{"line":312,"column":86}},"313":{"start":{"line":314,"column":0},"end":{"line":314,"column":80}},"314":{"start":{"line":315,"column":0},"end":{"line":315,"column":66}},"315":{"start":{"line":316,"column":0},"end":{"line":316,"column":65}},"316":{"start":{"line":317,"column":0},"end":{"line":317,"column":64}},"317":{"start":{"line":318,"column":0},"end":{"line":318,"column":76}},"318":{"start":{"line":319,"column":0},"end":{"line":319,"column":64}},"319":{"start":{"line":320,"column":0},"end":{"line":320,"column":67}},"320":{"start":{"line":321,"column":0},"end":{"line":321,"column":68}},"321":{"start":{"line":322,"column":0},"end":{"line":322,"column":65}},"322":{"start":{"line":323,"column":0},"end":{"line":323,"column":49}},"323":{"start":{"line":324,"column":0},"end":{"line":324,"column":42}},"325":{"start":{"line":326,"column":0},"end":{"line":326,"column":74}},"326":{"start":{"line":327,"column":0},"end":{"line":327,"column":100}},"327":{"start":{"line":328,"column":0},"end":{"line":328,"column":46}},"328":{"start":{"line":329,"column":0},"end":{"line":329,"column":69}},"329":{"start":{"line":330,"column":0},"end":{"line":330,"column":55}},"330":{"start":{"line":331,"column":0},"end":{"line":331,"column":61}},"331":{"start":{"line":332,"column":0},"end":{"line":332,"column":109}},"332":{"start":{"line":333,"column":0},"end":{"line":333,"column":84}},"333":{"start":{"line":334,"column":0},"end":{"line":334,"column":42}},"334":{"start":{"line":335,"column":0},"end":{"line":335,"column":42}},"336":{"start":{"line":337,"column":0},"end":{"line":337,"column":74}},"337":{"start":{"line":338,"column":0},"end":{"line":338,"column":88}},"338":{"start":{"line":339,"column":0},"end":{"line":339,"column":46}},"339":{"start":{"line":340,"column":0},"end":{"line":340,"column":67}},"340":{"start":{"line":341,"column":0},"end":{"line":341,"column":57}},"341":{"start":{"line":342,"column":0},"end":{"line":342,"column":59}},"342":{"start":{"line":343,"column":0},"end":{"line":343,"column":107}},"343":{"start":{"line":344,"column":0},"end":{"line":344,"column":82}},"344":{"start":{"line":345,"column":0},"end":{"line":345,"column":42}},"345":{"start":{"line":346,"column":0},"end":{"line":346,"column":42}},"347":{"start":{"line":348,"column":0},"end":{"line":348,"column":115}},"348":{"start":{"line":349,"column":0},"end":{"line":349,"column":45}},"349":{"start":{"line":350,"column":0},"end":{"line":350,"column":50}},"350":{"start":{"line":351,"column":0},"end":{"line":351,"column":60}},"351":{"start":{"line":352,"column":0},"end":{"line":352,"column":76}},"352":{"start":{"line":353,"column":0},"end":{"line":353,"column":72}},"353":{"start":{"line":354,"column":0},"end":{"line":354,"column":80}},"354":{"start":{"line":355,"column":0},"end":{"line":355,"column":106}},"355":{"start":{"line":356,"column":0},"end":{"line":356,"column":95}},"356":{"start":{"line":357,"column":0},"end":{"line":357,"column":46}},"357":{"start":{"line":358,"column":0},"end":{"line":358,"column":98}},"358":{"start":{"line":359,"column":0},"end":{"line":359,"column":46}},"359":{"start":{"line":360,"column":0},"end":{"line":360,"column":45}},"360":{"start":{"line":361,"column":0},"end":{"line":361,"column":50}},"361":{"start":{"line":362,"column":0},"end":{"line":362,"column":60}},"362":{"start":{"line":363,"column":0},"end":{"line":363,"column":77}},"363":{"start":{"line":364,"column":0},"end":{"line":364,"column":72}},"364":{"start":{"line":365,"column":0},"end":{"line":365,"column":81}},"365":{"start":{"line":366,"column":0},"end":{"line":366,"column":107}},"366":{"start":{"line":367,"column":0},"end":{"line":367,"column":96}},"367":{"start":{"line":368,"column":0},"end":{"line":368,"column":46}},"368":{"start":{"line":369,"column":0},"end":{"line":369,"column":100}},"369":{"start":{"line":370,"column":0},"end":{"line":370,"column":46}},"370":{"start":{"line":371,"column":0},"end":{"line":371,"column":42}},"371":{"start":{"line":372,"column":0},"end":{"line":372,"column":84}},"372":{"start":{"line":373,"column":0},"end":{"line":373,"column":38}},"373":{"start":{"line":374,"column":0},"end":{"line":374,"column":31}},"375":{"start":{"line":376,"column":0},"end":{"line":376,"column":70}},"376":{"start":{"line":377,"column":0},"end":{"line":377,"column":39}},"377":{"start":{"line":378,"column":0},"end":{"line":378,"column":49}},"378":{"start":{"line":379,"column":0},"end":{"line":379,"column":59}},"379":{"start":{"line":380,"column":0},"end":{"line":380,"column":52}},"380":{"start":{"line":381,"column":0},"end":{"line":381,"column":65}},"381":{"start":{"line":382,"column":0},"end":{"line":382,"column":33}},"383":{"start":{"line":384,"column":0},"end":{"line":384,"column":41}},"384":{"start":{"line":385,"column":0},"end":{"line":385,"column":39}},"385":{"start":{"line":386,"column":0},"end":{"line":386,"column":49}},"386":{"start":{"line":387,"column":0},"end":{"line":387,"column":58}},"387":{"start":{"line":388,"column":0},"end":{"line":388,"column":60}},"388":{"start":{"line":389,"column":0},"end":{"line":389,"column":65}},"389":{"start":{"line":390,"column":0},"end":{"line":390,"column":33}},"391":{"start":{"line":392,"column":0},"end":{"line":392,"column":41}},"392":{"start":{"line":393,"column":0},"end":{"line":393,"column":34}},"393":{"start":{"line":394,"column":0},"end":{"line":394,"column":31}},"394":{"start":{"line":395,"column":0},"end":{"line":395,"column":26}},"395":{"start":{"line":396,"column":0},"end":{"line":396,"column":22}},"396":{"start":{"line":397,"column":0},"end":{"line":397,"column":18}},"397":{"start":{"line":398,"column":0},"end":{"line":398,"column":14}},"399":{"start":{"line":400,"column":0},"end":{"line":400,"column":2}},"401":{"start":{"line":402,"column":0},"end":{"line":402,"column":30}}},"s":{"0":1,"1":1,"2":1,"13":1,"15":15,"16":15,"17":15,"18":15,"19":15,"20":15,"21":15,"22":15,"24":15,"25":15,"26":15,"27":15,"28":15,"29":15,"30":15,"31":15,"33":15,"34":15,"35":15,"37":15,"39":15,"42":15,"43":15,"44":15,"45":15,"46":15,"47":15,"48":15,"49":15,"52":15,"55":15,"56":15,"57":15,"58":15,"59":15,"60":15,"61":3,"62":15,"63":3,"64":15,"67":15,"68":6,"69":6,"70":6,"71":6,"72":6,"74":6,"75":0,"76":0,"77":0,"78":0,"79":0,"80":6,"83":15,"84":0,"85":0,"86":0,"87":0,"88":0,"89":0,"90":0,"91":0,"92":0,"93":0,"94":0,"95":0,"96":0,"97":0,"98":0,"99":0,"100":0,"103":15,"104":5,"105":5,"106":5,"107":5,"108":5,"109":5,"112":15,"113":0,"114":0,"117":15,"118":2,"119":2,"120":2,"121":12,"122":2,"123":2,"124":2,"125":2,"126":2,"127":0,"128":0,"129":2,"132":15,"133":1,"134":1,"137":15,"138":1,"139":1,"140":1,"141":1,"142":1,"143":0,"144":0,"145":0,"146":0,"147":0,"148":0,"149":0,"150":0,"151":0,"152":0,"153":0,"154":0,"155":1,"156":1,"157":0,"158":0,"159":0,"160":1,"162":15,"163":15,"164":15,"165":15,"167":15,"168":15,"169":15,"170":15,"171":15,"172":15,"174":15,"175":15,"176":15,"178":15,"179":15,"180":15,"181":15,"182":15,"183":15,"184":15,"186":15,"187":15,"188":15,"189":15,"190":15,"191":15,"192":15,"194":15,"195":15,"197":15,"198":15,"199":15,"200":15,"201":15,"202":15,"205":15,"206":1,"207":1,"208":1,"211":15,"212":15,"213":15,"215":15,"217":15,"218":15,"219":15,"220":15,"221":15,"222":15,"223":15,"224":15,"225":90,"226":90,"227":90,"228":90,"229":90,"230":90,"231":30,"232":60,"233":15,"234":45,"236":90,"237":90,"238":90,"239":90,"240":90,"241":90,"242":90,"243":90,"245":90,"246":0,"247":0,"248":0,"249":0,"250":0,"251":0,"252":0,"253":0,"254":0,"255":0,"256":0,"257":0,"258":0,"261":90,"262":15,"264":15,"266":90,"267":15,"269":15,"271":90,"272":15,"273":15,"275":15,"276":15,"277":15,"278":15,"279":15,"280":15,"282":15,"283":15,"285":15,"286":15,"287":15,"289":15,"291":15,"292":15,"294":15,"295":15,"296":15,"297":15,"298":15,"299":15,"300":15,"301":15,"302":15,"303":15,"305":15,"306":15,"307":15,"308":15,"309":15,"310":15,"311":15,"313":15,"314":15,"315":15,"316":15,"317":15,"318":15,"319":15,"320":15,"321":15,"322":15,"323":15,"325":15,"326":15,"327":15,"328":15,"329":15,"330":15,"331":15,"332":15,"333":15,"334":15,"336":15,"337":15,"338":15,"339":15,"340":15,"341":15,"342":15,"343":15,"344":15,"345":15,"347":15,"348":15,"349":15,"350":15,"351":15,"352":15,"353":15,"354":15,"355":15,"356":15,"357":15,"358":15,"359":15,"360":15,"361":15,"362":15,"363":15,"364":15,"365":15,"366":15,"367":15,"368":15,"369":15,"370":15,"371":15,"372":15,"373":15,"375":15,"376":15,"377":15,"378":15,"379":15,"380":15,"381":15,"383":15,"384":15,"385":15,"386":15,"387":15,"388":15,"389":15,"391":15,"392":15,"393":15,"394":15,"395":15,"396":15,"397":15,"399":15,"401":1},"branchMap":{"0":{"type":"branch","line":14,"loc":{"start":{"line":14,"column":23},"end":{"line":400,"column":2}},"locations":[{"start":{"line":14,"column":23},"end":{"line":400,"column":2}}]},"1":{"type":"branch","line":53,"loc":{"start":{"line":53,"column":17},"end":{"line":53,"column":29}},"locations":[{"start":{"line":53,"column":17},"end":{"line":53,"column":29}}]},"2":{"type":"branch","line":182,"loc":{"start":{"line":182,"column":85},"end":{"line":182,"column":134}},"locations":[{"start":{"line":182,"column":85},"end":{"line":182,"column":134}}]},"3":{"type":"branch","line":182,"loc":{"start":{"line":182,"column":130},"end":{"line":182,"column":136}},"locations":[{"start":{"line":182,"column":130},"end":{"line":182,"column":136}}]},"4":{"type":"branch","line":190,"loc":{"start":{"line":190,"column":85},"end":{"line":190,"column":129}},"locations":[{"start":{"line":190,"column":85},"end":{"line":190,"column":129}}]},"5":{"type":"branch","line":190,"loc":{"start":{"line":190,"column":125},"end":{"line":190,"column":131}},"locations":[{"start":{"line":190,"column":125},"end":{"line":190,"column":131}}]},"6":{"type":"branch","line":201,"loc":{"start":{"line":201,"column":53},"end":{"line":201,"column":70}},"locations":[{"start":{"line":201,"column":53},"end":{"line":201,"column":70}}]},"7":{"type":"branch","line":201,"loc":{"start":{"line":201,"column":61},"end":{"line":201,"column":77}},"locations":[{"start":{"line":201,"column":61},"end":{"line":201,"column":77}}]},"8":{"type":"branch","line":202,"loc":{"start":{"line":202,"column":53},"end":{"line":202,"column":70}},"locations":[{"start":{"line":202,"column":53},"end":{"line":202,"column":70}}]},"9":{"type":"branch","line":202,"loc":{"start":{"line":202,"column":61},"end":{"line":202,"column":79}},"locations":[{"start":{"line":202,"column":61},"end":{"line":202,"column":79}}]},"10":{"type":"branch","line":206,"loc":{"start":{"line":206,"column":25},"end":{"line":206,"column":67}},"locations":[{"start":{"line":206,"column":25},"end":{"line":206,"column":67}}]},"11":{"type":"branch","line":206,"loc":{"start":{"line":206,"column":57},"end":{"line":209,"column":34}},"locations":[{"start":{"line":206,"column":57},"end":{"line":209,"column":34}}]},"12":{"type":"branch","line":213,"loc":{"start":{"line":213,"column":60},"end":{"line":213,"column":83}},"locations":[{"start":{"line":213,"column":60},"end":{"line":213,"column":83}}]},"13":{"type":"branch","line":213,"loc":{"start":{"line":213,"column":73},"end":{"line":213,"column":90}},"locations":[{"start":{"line":213,"column":73},"end":{"line":213,"column":90}}]},"14":{"type":"branch","line":287,"loc":{"start":{"line":287,"column":60},"end":{"line":287,"column":78}},"locations":[{"start":{"line":287,"column":60},"end":{"line":287,"column":78}}]},"15":{"type":"branch","line":287,"loc":{"start":{"line":287,"column":68},"end":{"line":287,"column":85}},"locations":[{"start":{"line":287,"column":68},"end":{"line":287,"column":85}}]},"16":{"type":"branch","line":57,"loc":{"start":{"line":57,"column":14},"end":{"line":57,"column":45}},"locations":[{"start":{"line":57,"column":14},"end":{"line":57,"column":45}}]},"17":{"type":"branch","line":58,"loc":{"start":{"line":58,"column":13},"end":{"line":58,"column":64}},"locations":[{"start":{"line":58,"column":13},"end":{"line":58,"column":64}}]},"18":{"type":"branch","line":59,"loc":{"start":{"line":59,"column":15},"end":{"line":59,"column":63}},"locations":[{"start":{"line":59,"column":15},"end":{"line":59,"column":63}}]},"19":{"type":"branch","line":60,"loc":{"start":{"line":60,"column":15},"end":{"line":60,"column":54}},"locations":[{"start":{"line":60,"column":15},"end":{"line":60,"column":54}}]},"20":{"type":"branch","line":61,"loc":{"start":{"line":61,"column":18},"end":{"line":62,"column":92}},"locations":[{"start":{"line":61,"column":18},"end":{"line":62,"column":92}}]},"21":{"type":"branch","line":63,"loc":{"start":{"line":63,"column":25},"end":{"line":64,"column":123}},"locations":[{"start":{"line":63,"column":25},"end":{"line":64,"column":123}}]},"22":{"type":"branch","line":68,"loc":{"start":{"line":68,"column":30},"end":{"line":81,"column":6}},"locations":[{"start":{"line":68,"column":30},"end":{"line":81,"column":6}}]},"23":{"type":"branch","line":75,"loc":{"start":{"line":75,"column":21},"end":{"line":75,"column":63}},"locations":[{"start":{"line":75,"column":21},"end":{"line":75,"column":63}}]},"24":{"type":"branch","line":75,"loc":{"start":{"line":75,"column":63},"end":{"line":80,"column":9}},"locations":[{"start":{"line":75,"column":63},"end":{"line":80,"column":9}}]},"25":{"type":"branch","line":70,"loc":{"start":{"line":70,"column":22},"end":{"line":70,"column":60}},"locations":[{"start":{"line":70,"column":22},"end":{"line":70,"column":60}}]},"26":{"type":"branch","line":72,"loc":{"start":{"line":72,"column":26},"end":{"line":72,"column":83}},"locations":[{"start":{"line":72,"column":26},"end":{"line":72,"column":83}}]},"27":{"type":"branch","line":104,"loc":{"start":{"line":104,"column":28},"end":{"line":110,"column":6}},"locations":[{"start":{"line":104,"column":28},"end":{"line":110,"column":6}}]},"28":{"type":"branch","line":105,"loc":{"start":{"line":105,"column":16},"end":{"line":109,"column":9}},"locations":[{"start":{"line":105,"column":16},"end":{"line":109,"column":9}}]},"29":{"type":"branch","line":118,"loc":{"start":{"line":118,"column":28},"end":{"line":130,"column":6}},"locations":[{"start":{"line":118,"column":28},"end":{"line":130,"column":6}}]},"30":{"type":"branch","line":127,"loc":{"start":{"line":127,"column":8},"end":{"line":129,"column":9}},"locations":[{"start":{"line":127,"column":8},"end":{"line":129,"column":9}}]},"31":{"type":"branch","line":121,"loc":{"start":{"line":121,"column":44},"end":{"line":123,"column":13}},"locations":[{"start":{"line":121,"column":44},"end":{"line":123,"column":13}}]},"32":{"type":"branch","line":125,"loc":{"start":{"line":125,"column":57},"end":{"line":125,"column":65}},"locations":[{"start":{"line":125,"column":57},"end":{"line":125,"column":65}}]},"33":{"type":"branch","line":133,"loc":{"start":{"line":133,"column":27},"end":{"line":135,"column":6}},"locations":[{"start":{"line":133,"column":27},"end":{"line":135,"column":6}}]},"34":{"type":"branch","line":138,"loc":{"start":{"line":138,"column":27},"end":{"line":161,"column":6}},"locations":[{"start":{"line":138,"column":27},"end":{"line":161,"column":6}}]},"35":{"type":"branch","line":157,"loc":{"start":{"line":157,"column":8},"end":{"line":160,"column":9}},"locations":[{"start":{"line":157,"column":8},"end":{"line":160,"column":9}}]},"36":{"type":"branch","line":140,"loc":{"start":{"line":140,"column":38},"end":{"line":140,"column":77}},"locations":[{"start":{"line":140,"column":38},"end":{"line":140,"column":77}}]},"37":{"type":"branch","line":191,"loc":{"start":{"line":191,"column":37},"end":{"line":191,"column":66}},"locations":[{"start":{"line":191,"column":37},"end":{"line":191,"column":66}}]},"38":{"type":"branch","line":225,"loc":{"start":{"line":225,"column":34},"end":{"line":272,"column":38}},"locations":[{"start":{"line":225,"column":34},"end":{"line":272,"column":38}}]},"39":{"type":"branch","line":231,"loc":{"start":{"line":231,"column":54},"end":{"line":231,"column":95}},"locations":[{"start":{"line":231,"column":54},"end":{"line":231,"column":95}}]},"40":{"type":"branch","line":231,"loc":{"start":{"line":231,"column":78},"end":{"line":232,"column":60}},"locations":[{"start":{"line":231,"column":78},"end":{"line":232,"column":60}}]},"41":{"type":"branch","line":232,"loc":{"start":{"line":232,"column":50},"end":{"line":235,"column":56}},"locations":[{"start":{"line":232,"column":50},"end":{"line":235,"column":56}}]},"42":{"type":"branch","line":233,"loc":{"start":{"line":233,"column":60},"end":{"line":234,"column":55}},"locations":[{"start":{"line":233,"column":60},"end":{"line":234,"column":55}}]},"43":{"type":"branch","line":234,"loc":{"start":{"line":234,"column":50},"end":{"line":235,"column":56}},"locations":[{"start":{"line":234,"column":50},"end":{"line":235,"column":56}}]},"44":{"type":"branch","line":242,"loc":{"start":{"line":242,"column":67},"end":{"line":242,"column":87}},"locations":[{"start":{"line":242,"column":67},"end":{"line":242,"column":87}}]},"45":{"type":"branch","line":246,"loc":{"start":{"line":246,"column":53},"end":{"line":259,"column":47}},"locations":[{"start":{"line":246,"column":53},"end":{"line":259,"column":47}}]},"46":{"type":"branch","line":262,"loc":{"start":{"line":262,"column":47},"end":{"line":265,"column":47}},"locations":[{"start":{"line":262,"column":47},"end":{"line":265,"column":47}}]},"47":{"type":"branch","line":267,"loc":{"start":{"line":267,"column":47},"end":{"line":270,"column":47}},"locations":[{"start":{"line":267,"column":47},"end":{"line":270,"column":47}}]},"48":{"type":"branch","line":292,"loc":{"start":{"line":292,"column":38},"end":{"line":373,"column":38}},"locations":[{"start":{"line":292,"column":38},"end":{"line":373,"column":38}}]},"49":{"type":"branch","line":301,"loc":{"start":{"line":301,"column":54},"end":{"line":301,"column":108}},"locations":[{"start":{"line":301,"column":54},"end":{"line":301,"column":108}}]},"50":{"type":"branch","line":311,"loc":{"start":{"line":311,"column":54},"end":{"line":311,"column":111}},"locations":[{"start":{"line":311,"column":54},"end":{"line":311,"column":111}}]},"51":{"type":"branch","line":332,"loc":{"start":{"line":332,"column":54},"end":{"line":332,"column":109}},"locations":[{"start":{"line":332,"column":54},"end":{"line":332,"column":109}}]},"52":{"type":"branch","line":343,"loc":{"start":{"line":343,"column":54},"end":{"line":343,"column":107}},"locations":[{"start":{"line":343,"column":54},"end":{"line":343,"column":107}}]},"53":{"type":"branch","line":355,"loc":{"start":{"line":355,"column":58},"end":{"line":355,"column":106}},"locations":[{"start":{"line":355,"column":58},"end":{"line":355,"column":106}}]}},"b":{"0":[15],"1":[0],"2":[7],"3":[8],"4":[8],"5":[7],"6":[8],"7":[7],"8":[8],"9":[7],"10":[1],"11":[1],"12":[7],"13":[8],"14":[8],"15":[7],"16":[3],"17":[3],"18":[3],"19":[3],"20":[3],"21":[3],"22":[6],"23":[1],"24":[0],"25":[6],"26":[6],"27":[5],"28":[5],"29":[2],"30":[0],"31":[12],"32":[12],"33":[1],"34":[1],"35":[0],"36":[1],"37":[1],"38":[90],"39":[75],"40":[30],"41":[60],"42":[15],"43":[45],"44":[0],"45":[0],"46":[15],"47":[15],"48":[15],"49":[1],"50":[1],"51":[1],"52":[1],"53":[1]},"fnMap":{"0":{"name":"ModalComponent","decl":{"start":{"line":14,"column":23},"end":{"line":400,"column":2}},"loc":{"start":{"line":14,"column":23},"end":{"line":400,"column":2}},"line":14},"1":{"name":"name","decl":{"start":{"line":57,"column":14},"end":{"line":57,"column":45}},"loc":{"start":{"line":57,"column":14},"end":{"line":57,"column":45}},"line":57},"2":{"name":"dni","decl":{"start":{"line":58,"column":13},"end":{"line":58,"column":64}},"loc":{"start":{"line":58,"column":13},"end":{"line":58,"column":64}},"line":58},"3":{"name":"email","decl":{"start":{"line":59,"column":15},"end":{"line":59,"column":63}},"loc":{"start":{"line":59,"column":15},"end":{"line":59,"column":63}},"line":59},"4":{"name":"phone","decl":{"start":{"line":60,"column":15},"end":{"line":60,"column":54}},"loc":{"start":{"line":60,"column":15},"end":{"line":60,"column":54}},"line":60},"5":{"name":"password","decl":{"start":{"line":61,"column":18},"end":{"line":62,"column":92}},"loc":{"start":{"line":61,"column":18},"end":{"line":62,"column":92}},"line":61},"6":{"name":"confirmPassword","decl":{"start":{"line":63,"column":25},"end":{"line":64,"column":123}},"loc":{"start":{"line":63,"column":25},"end":{"line":64,"column":123}},"line":63},"7":{"name":"handleInputChange","decl":{"start":{"line":68,"column":30},"end":{"line":81,"column":6}},"loc":{"start":{"line":68,"column":30},"end":{"line":81,"column":6}},"line":68},"8":{"name":"handleKeyDown","decl":{"start":{"line":84,"column":26},"end":{"line":101,"column":6}},"loc":{"start":{"line":84,"column":26},"end":{"line":101,"column":6}},"line":84},"9":{"name":"handlePetChange","decl":{"start":{"line":104,"column":28},"end":{"line":110,"column":6}},"loc":{"start":{"line":104,"column":28},"end":{"line":110,"column":6}},"line":104},"10":{"name":"addPet","decl":{"start":{"line":113,"column":19},"end":{"line":115,"column":6}},"loc":{"start":{"line":113,"column":19},"end":{"line":115,"column":6}},"line":113},"11":{"name":"handleTabChange","decl":{"start":{"line":118,"column":28},"end":{"line":130,"column":6}},"loc":{"start":{"line":118,"column":28},"end":{"line":130,"column":6}},"line":118},"12":{"name":"handleContinue","decl":{"start":{"line":133,"column":27},"end":{"line":135,"column":6}},"loc":{"start":{"line":133,"column":27},"end":{"line":135,"column":6}},"line":133},"13":{"name":"handleRegister","decl":{"start":{"line":138,"column":27},"end":{"line":161,"column":6}},"loc":{"start":{"line":138,"column":27},"end":{"line":161,"column":6}},"line":138},"14":{"name":"onClick","decl":{"start":{"line":183,"column":37},"end":{"line":183,"column":71}},"loc":{"start":{"line":183,"column":37},"end":{"line":183,"column":71}},"line":183},"15":{"name":"onClick","decl":{"start":{"line":191,"column":37},"end":{"line":191,"column":66}},"loc":{"start":{"line":191,"column":37},"end":{"line":191,"column":66}},"line":191},"16":{"name":"onChange","decl":{"start":{"line":301,"column":54},"end":{"line":301,"column":108}},"loc":{"start":{"line":301,"column":54},"end":{"line":301,"column":108}},"line":301},"17":{"name":"onChange","decl":{"start":{"line":311,"column":54},"end":{"line":311,"column":111}},"loc":{"start":{"line":311,"column":54},"end":{"line":311,"column":111}},"line":311},"18":{"name":"onChange","decl":{"start":{"line":332,"column":54},"end":{"line":332,"column":109}},"loc":{"start":{"line":332,"column":54},"end":{"line":332,"column":109}},"line":332},"19":{"name":"onChange","decl":{"start":{"line":343,"column":54},"end":{"line":343,"column":107}},"loc":{"start":{"line":343,"column":54},"end":{"line":343,"column":107}},"line":343},"20":{"name":"onChange","decl":{"start":{"line":355,"column":58},"end":{"line":355,"column":106}},"loc":{"start":{"line":355,"column":58},"end":{"line":355,"column":106}},"line":355},"21":{"name":"onChange","decl":{"start":{"line":366,"column":58},"end":{"line":366,"column":107}},"loc":{"start":{"line":366,"column":58},"end":{"line":366,"column":107}},"line":366}},"f":{"0":15,"1":3,"2":3,"3":3,"4":3,"5":3,"6":3,"7":6,"8":0,"9":5,"10":0,"11":2,"12":1,"13":1,"14":0,"15":1,"16":1,"17":1,"18":1,"19":1,"20":1,"21":0}}
}
